         w __deregister_frame_info
         w __register_frame_info
         w userAppExit
         w userAppInit
00000000 00000802 B __ctru_dev_utf16_buf
00000000 a shift
00000000 a shift
00000000 A __sync_synchronize
00000000 b _TLS_MODULE_BASE_
00000804 00000401 B __ctru_dev_path_buf
00100000 A __start__
00100000 T _start
00100008 T __service_ptr
0010000c T __apt_appid
00100010 T __heap_size
00100014 T __linear_heap_size
00100018 T __system_arglist
0010001c T __system_runflags
00100020 t startup
00100058 t ClearMem
0010006c t ClrLoop
00100094 T _init
001000ac T __aeabi_idiv
001000ac 00000220 T __divsi3
001000b4 t .divsi3_skip_div0_test
001002cc 00000020 T __aeabi_idivmod
001002ec 00000004 W __aeabi_idiv0
001002ec 00000004 W __aeabi_ldiv0
001002f0 T __aeabi_uldivmod
00100348 00000390 T strcmp
001006d0 T __aeabi_uidiv
001006d0 000001ec T __udivsi3
001006d0 t .udivsi3_skip_div0_test
001008bc 00000020 T __aeabi_uidivmod
001008dc t __do_global_dtors_aux
0010091c t frame_dummy
00100948 00000060 T main
00100960 t address
001009a8 0000051c t consoleHandleColorEsc
00100ec4 000000b8 t consoleColorStateShift
00100f7c 000001ac T consoleDrawChar
00101128 00000124 T consolePrintChar
0010124c 000006f4 T con_write
00101940 000000fc t newRow
00101a3c 0000018c T consoleInit
00101bc8 000000d0 t gfxPresentFramebuffer
00101c98 0000001c T gfxIsWide
00101cb4 000000ec T gfxSetScreenFormat
00101da0 00000010 T gfxSetDoubleBuffering
00101db0 000000e0 T gfxInit
00101e90 00000010 T gfxInitDefault
00101ea0 000000b4 T gfxExit
00101f54 000000a0 T gfxGetFramebuffer
00101ff4 00000104 T gfxFlushBuffers
001020f8 00000050 T gfxSwapBuffers
00102148 00000050 T gfxSwapBuffersGpu
00102198 000001ac t aptConvertScreenForCapture
00102344 00000008 W aptDspSleep
0010234c 00000004 W aptDspWakeup
00102350 00000004 W aptDspCancel
00102354 00000158 T aptSendCommand
001024b0 00000044 t aptExitProcess
001024f4 0000038c T aptExit
00102880 000000e0 T aptHandleSleep
00102960 00000084 T APT_SleepIfShellClosed
001029e4 00000084 T aptSetSleepAllowed
00102a68 00000084 T APT_UnlockTransition
00102af0 000004a4 t aptEventHandler
00102f94 000000b0 T APT_ReceiveParameter
00103044 000000ac t aptReceiveParameter.constprop.0
001030f0 000002ac t aptScreenTransfer
0010339c 00000320 t aptWaitForWakeUp.isra.0
001036bc 000000f8 T aptJumpToHomeMenu
001037b4 00000048 T aptMainLoop
001037fc 0000022c T aptInit
00103a28 0000007c T APT_CheckNew3DS
00103aa4 00000c64 t gspHardwareInit
00104708 00000248 T gspInit
00104950 000000f0 T gspExit
00104a40 00000010 T gspHasGpuRight
00104a50 000000a0 T gspPresentBuffer
00104af0 00000044 T gspWaitForEvent
00104b34 00000004 W gxCmdQueueInterrupt
00104b38 00000158 t gspEventThreadMain
00104c90 00000050 T GSPGPU_FlushDataCache
00104ce0 00000034 T GSPGPU_SetLcdForceBlack
00104d14 00000068 T GSPGPU_AcquireRight
00104d7c 00000048 T GSPGPU_ReleaseRight
00104dc4 0000007c T GSPGPU_ImportDisplayCaptureInfo
00104e40 0000002c T GSPGPU_SaveVramSysArea
00104e6c 0000002c T GSPGPU_RestoreVramSysArea
00104e98 00000024 W hidShouldUseIrrst
00104ebc 0000018c T hidInit
00105048 000000e8 T hidExit
00105130 000002a4 T hidScanInput
001053d4 00000010 T hidKeysDown
001053e4 00000160 T irrstInit
00105544 000000cc T irrstExit
00105610 000000b4 T irrstScanInput
001056c4 00000024 T irrstKeysHeld
001056e8 00000038 W __libctru_init
00105720 00000170 W __system_initArgv
00105890 00000030 T __syscall_getreent
001058c0 00000004 T __syscall_lock_acquire
001058c4 00000004 T __syscall_lock_release
001058c8 00000004 T __syscall_lock_acquire_recursive
001058cc 00000004 T __syscall_lock_release_recursive
001058d0 00000004 T __syscall_exit
001058d4 00000050 T initThreadVars
00105924 00000080 T __system_initSyscalls
001059a4 T svcControlMemory
001059c4 T svcQueryMemory
001059f4 T svcExitProcess
001059fc T svcCreateThread
00105a1c T svcExitThread
00105a24 T svcSleepThread
00105a2c T svcReleaseMutex
00105a34 T svcCreateEvent
00105a48 T svcSignalEvent
00105a50 T svcClearEvent
00105a58 T svcMapMemoryBlock
00105a60 T svcUnmapMemoryBlock
00105a68 T svcCreateAddressArbiter
00105a7c T svcArbitrateAddressNoTimeout
00105a84 T svcCloseHandle
00105a8c T svcWaitSynchronization
00105a94 T svcWaitSynchronizationN
00105abc T svcDuplicateHandle
00105ad0 T svcConnectToPort
00105ae4 T svcSendSyncRequest
00105aec T svcGetResourceLimit
00105b00 T svcGetResourceLimitLimitValues
00105b08 T svcGetResourceLimitCurrentValues
00105b10 T svcBreak
00105b18 W initSystem
00105b68 W __ctru_exit
00105b7c 00000024 t addrMapNodeComparator(rbtree_node const*, rbtree_node const*)
00105ba0 00000004 t addrMapNodeDestructor(rbtree_node*)
00105ba4 00000120 T linearMemAlign
00105cc4 00000008 T linearAlloc
00105ccc 0000005c T linearFree
00105d28 00000080 T MemPool::CoalesceRight(MemBlock*)
00105da8 0000016c T MemPool::Allocate(MemChunk&, unsigned long, int)
00105f14 000000fc T MemPool::Deallocate(MemChunk const&)
00106010 00000030 T MemPool::GetFreeSpace()
00106040 00000024 t addrMapNodeComparator(rbtree_node const*, rbtree_node const*)
00106064 00000004 t addrMapNodeDestructor(rbtree_node*)
00106068 0000024c T vramMemAlignAt
001062b4 0000000c T vramAlloc
001062c0 00000090 T vramFree
00106350 00000084 W envGetHandle
001063d4 00000050 W envDestroyHandles
00106424 00000034 T __ctru_speedup_config
00106458 0000012c T srvInit
00106584 00000058 T srvExit
001065dc 00000060 T srvEnableNotification
0010663c 000000a0 T srvGetServiceHandleDirect
001066dc 00000038 T srvGetServiceHandle
00106714 00000034 T srvSubscribe
00106748 00000060 T srvReceiveNotification
001067a8 00000038 T srvPublishToSubscriber
001067e0 0000000c T __sync_init
001067ec 00000018 T __sync_fini
00106804 0000002c T syncArbitrateAddress
00106830 000000ac T LightLock_Lock
001068dc 00000040 T LightLock_Unlock
0010691c 00000030 T RecursiveLock_Lock
0010694c 00000054 T RecursiveLock_Unlock
001069a0 00000040 T LightEvent_Init
001069e0 000000a4 T LightEvent_Clear
00106a84 000000c8 T LightEvent_Signal
00106b4c 00000050 T LightEvent_TryWait
00106b9c 000000a0 T LightEvent_Wait
00106c3c 000001d8 T threadCreate
00106e14 0000002c T threadFree
00106e40 00000024 T threadJoin
00106e64 00000030 T threadGetCurrent
00106e94 00000040 T threadExit
00106ed4 00000020 t _thread_begin
00106ef4 000000b4 t mappableFindAddressWithin
00106fa8 00000028 T mappableInit
00106fd0 00000080 T mappableAlloc
00107050 00000004 T mappableFree
00107054 00000074 T ptmSysmInit
001070c8 0000003c T ptmSysmExit
00107104 00000034 T PTMSYSM_ConfigureNew3DSCPU
00107138 0000000c T srvPmGetSessionHandle
00107144 00000074 T rbtree_find
001071b8 00000010 T rbtree_init
001071c8 000001b0 t do_insert
00107378 00000008 T rbtree_insert
00107380 00000318 T rbtree_remove
00107698 00000090 T rbtree_rotate
00107728 000001e0 W __system_allocateHeaps
00107908 00000030 W __appExit
00107938 00000030 W __appInit
00107968 00000090 W __libctru_exit
001079f8 00000014 t archive_link
00107a0c 00000014 t archive_dirreset
00107a20 00000014 t archive_chmod
00107a34 00000024 t error_cmp
00107a58 00000050 t archive_translate_error
00107aa8 000000c8 t archive_seek
00107b70 0000007c t _archiveInit.part.0
00107bec 000000c4 t archiveFindDevice.part.0
00107cb0 00000280 t archive_utf16path
00107f30 0000009c t _archiveUnmountDeviceStruct.part.0
00107fcc 00000014 t archive_fchmod
00107fe0 00000014 t archive_statvfs
00107ff4 00000164 t _archiveMountDevice
00108158 000000e8 t archive_diropen
00108240 000000a4 t archive_fstat
001082e4 0000006c t archive_fsync
00108350 0000006c t archive_close
001083bc 00000070 t archive_dirclose
0010842c 000000e8 t sdmc_statvfs
00108514 000000ec t archive_chdir
00108600 0000007c t archive_ftruncate
0010867c 000000ac t archive_read
00108728 000000a4 t archive_unlink
001087cc 000000bc t archive_rmdir
00108888 000000dc t archive_mkdir
00108964 00000194 t archive_stat
00108af8 00000160 t archive_dirnext
00108c58 00000124 t archive_write
00108d7c 0000020c t archive_open
00108f88 00000278 t archive_rename
00109200 0000019c T archiveMountSdmc
0010939c 00000054 T archiveUnmountAll
001093f0 000000cc T fsInit
001094bc 0000003c T fsExit
001094f8 00000060 T fsExemptFromSession
00109558 00000050 T fsUnexemptFromSession
001095a8 000000cc T FSUSER_OpenFile
00109674 000000bc T FSUSER_DeleteFile
00109730 000000f8 T FSUSER_RenameFile
00109828 000000bc T FSUSER_DeleteDirectory
001098e4 000000d4 T FSUSER_CreateFile
001099b8 000000c4 T FSUSER_CreateDirectory
00109a7c 000000f8 T FSUSER_RenameDirectory
00109b74 000000b4 T FSUSER_OpenDirectory
00109c28 00000094 T FSUSER_OpenArchive
00109cbc 0000008c T FSUSER_CloseArchive
00109d48 00000074 T FSUSER_GetSdmcArchiveResource
00109dbc 00000064 T FSUSER_IsSdmcWritable
00109e20 00000058 T FSFILE_Read
00109e78 00000060 T FSFILE_Write
00109ed8 00000038 T FSFILE_GetSize
00109f10 00000028 T FSFILE_SetSize
00109f38 0000003c T FSFILE_Close
00109f74 00000024 T FSFILE_Flush
00109f98 00000050 T FSDIR_Read
00109fe8 0000003c T FSDIR_Close
0010a024 0000005c T rbtree_node_next
0010a080 0000013c T decode_utf8
0010a1bc 000000e8 T utf16_to_utf8
0010a2a4 000000c0 T utf8_to_utf16
0010a364 T __aeabi_read_tp
0010a370 00000064 T decode_utf16
0010a3d4 00000054 T encode_utf16
0010a428 000000e0 T encode_utf8
0010a508 00000120 T __udivmoddi4
0010a628 000000d8 T strncmp
0010a700 0000005c T strlen
0010a75c 000001e4 t _strtoul_l.isra.0
0010a940 00000034 T strtoul
0010a974 000000e4 T strncat
0010aa58 00000078 T bsearch
0010aad0 00000020 T memalign
0010aaf0 0000001c t stdio_exit_handler
0010ab0c 0000005c t cleanup_stdio
0010ab68 00000154 t global_stdio_init.part.0
0010acbc 0000005c T __sinit
0010ad18 0000000c T __sfp_lock_acquire
0010ad24 0000000c T __sfp_lock_release
0010ad30 000007e8 T _malloc_r
0010b518 000000f8 T _malloc_trim_r
0010b610 00000300 T _free_r
0010b910 00000294 T setvbuf
0010bba4 0000004c T strnlen
0010bbf0 0000000c T __errno
0010bbfc 00000034 T malloc
0010bc30 00000018 T free
0010bc48 00000130 T memcpy
0010bd78 00000034 T printf
0010bdac 000000e8 T memset
0010be94 00000070 T _fwalk_sglue
0010bf04 0000000c T __malloc_lock
0010bf10 0000000c T __malloc_unlock
0010bf1c 00000004 W __call_exitprocs
0010bf20 00000030 T exit
0010bf50 000000c4 T strncpy
0010c014 00000084 T __libc_init_array
0010c098 00000228 T __sflush_r
0010c2c0 00000094 T _fflush_r
0010c354 00000150 T _memalign_r
0010c4a4 0000003c T __libc_fini_array
0010c4e0 00000044 T __sread
0010c524 00000068 T __swrite
0010c58c 00000040 T __sseek
0010c5cc 00000008 T __sclose
0010c5d4 00000148 T _fclose_r
0010c71c 000005e4 t get_arg
0010cd00 00003330 T _vfprintf_r
00110030 000000b8 t __sbprintf
001100e8 00000144 T __smakebuf_r
0011022c 0000008c T __swhatbuf_r
001102b8 000001b4 t quorem
00110470 00001370 T _dtoa_r
001117e0 000000a0 T _wcrtomb_r
00111880 00000028 T _wcsrtombs_r
001118a8 00000194 T __swsetup_r
00111a40 00000088 T frexp
00111ac8 0000005c T __assert_func
00111b24 00000088 T _Balloc
00111bac 0000001c T _Bfree
00111bc8 000000f4 T __multadd
00111cbc 00000080 T __hi0bits
00111d3c 000000f4 T __lo0bits
00111e30 000000a4 T __i2b
00111ed4 00000208 T __multiply
001120dc 00000130 T __pow5mult
0011220c 00000138 T __lshift
00112344 00000058 T __mcmp
0011239c 000001f0 T __mdiff
0011258c 00000120 T __d2b
001126ac 00000024 T __locale_mb_cur_max
001126d0 0000003c T fiprintf
0011270c 000000e0 T memchr
001127ec 00000160 T _wcsnrtombs_l
0011294c 00000064 T _wcsnrtombs_r
001129b0 00000324 T __utf8_mbtowc
00112cd4 00000030 T __sprint_r
00112d04 00000014 T abort
00112d18 00000024 T _localeconv_r
00112d3c 000000c0 T _calloc_r
00112dfc 000000f0 T __utf8_wctomb
00112eec 00000130 T strchr
0011301c 00000160 T memmove
0011317c 00000090 T _raise_r
0011320c 00000018 T raise
00113224 00000480 T __sfvwrite_r
001136a4 000005e4 t get_arg
00113c88 00002168 T _vfiprintf_r
00115df0 000000b8 t __sbprintf
00115ea8 000004a4 T _realloc_r
0011634c 00000020 T _exit
0011636c 0000013c T chdir
001164a8 000001cc T _concatenate_path
00116674 00000088 T _fstat_r
001166fc 00000014 T _getpid_r
00116710 0000002c T __getreent
0011673c 0000003c T __get_handle
00116778 000000f4 T _close_r
0011686c 00000008 t null_write
00116874 00000018 T setDefaultDevice
0011688c 000000c8 T FindDevice
00116954 00000028 T RemoveDevice
0011697c 00000098 T AddDevice
00116a14 00000020 T GetDeviceOpTab
00116a34 00000008 T _isatty_r
00116a3c 00000014 T _kill_r
00116a50 0000008c T _lseek_r
00116adc 00000088 T _read_r
00116b64 00000078 W _sbrk_r
00116bdc 0000001c T __libc_lock_acquire
00116bf8 0000001c T __libc_lock_release
00116c14 0000001c T __libc_lock_acquire_recursive
00116c30 0000001c T __libc_lock_release_recursive
00116c4c 00000088 T _write_r
00116cd4 00000048 T strrchr
00116d1c T _fini
001170c8 r .LC2
001171f0 00000080 r dotab_stdout
00117270 00000018 r grayScale
00117288 00000006 r colorCube
00117290 00000030 r colorTable
001172c0 00000008 r morton_y.2
001172c8 00000008 r morton_x.3
001172d0 00000008 r s_sleepWakeEvents.4
001172d8 R default_font_bin
00117ad8 R default_font_bin_end
00117ad8 00000030 r error_table
00117b08 00000080 r archive_devoptab
00117b88 00000101 R _ctype_
00117db0 00000010 r zeroes.0
00117dc0 00000010 r blanks.1
00117dd8 0000006c R __action_table
00117e44 0000006c R __state_table
00117eb0 00000100 R __chclass
00117fb0 0000000c r p05.0
00117fc0 00000028 R __mprec_bigtens
00117fe8 000000c8 R __mprec_tens
0011819c 00000010 r zeroes.0
001181ac 00000010 r blanks.1
001181bc 00000080 R dotab_stdnull
0011823c R __tdata_align
00118240 r __EH_FRAME_BEGIN__
00118240 R __exidx_end
00118240 R __exidx_start
00119000 00000001 d firstConsoleInit.0
00119004 00000004 D currentConsole
00119008 00000048 D defaultConsole
00119050 00000004 d aptChainloadDeliverArgSize
00119054 00000004 d kCount
00119058 00000004 d kInterval
0011905c 00000004 d kDelay
00119060 W __stacksize__
00119064 00000004 D _impure_ptr
00119068 00000120 D _impure_data
00119188 0000000c D __sglue
00119194 00000004 D __malloc_sbrk_base
00119198 00000004 D __malloc_trim_threshold
001191a0 00000408 D __malloc_av_
001195a8 0000016c D __global_locale
00119714 00000400 d _current_working_directory
00119b18 00001000 d handles
0011ab18 0000000c d __stderr_handle
0011ab24 0000000c d __stdout_handle
0011ab30 0000000c d __stdin_handle
0011ab3c 0000008c D devoptab_list
0011abc8 00000004 d defaultDevice
0011abd4 d _GLOBAL_OFFSET_TABLE_
0011abe0 d __frame_dummy_init_array_entry
0011abe0 D __init_array_start
0011abe0 B __preinit_array_end
0011abe0 B __preinit_array_start
0011abe0 D __tdata_lma
0011abe0 D __tdata_lma_end
0011abe4 d __do_global_dtors_aux_fini_array_entry
0011abe4 D __fini_array_start
0011abe4 D __init_array_end
0011abe8 D __bss_start__
0011abe8 b completed.1
0011abe8 D __fini_array_end
0011abec b object.0
0011ac04 0000001c b escapeSeq
0011ac20 00000048 B currentCopy
0011ac68 00000004 b screenAlloc
0011ac6c 00000004 b screenFree
0011ac70 00000002 b gfxIsDoubleBuf
0011ac74 00000002 b gfxCurBuf
0011ac76 00000001 b gfxIsVram
0011ac77 00000001 b gfxTopMode
0011ac78 00000002 b gfxFramebufferFormats
0011ac7c 00000004 b gfxBottomFramebufferMaxSize
0011ac80 00000004 b gfxTopFramebufferMaxSize
0011ac88 00000008 b gfxBottomFramebuffers
0011ac90 00000008 b gfxTopFramebuffers
0011ac98 00000001 b flagValue.0
0011ac99 00000001 b flagInit.1
0011ac9c 00000004 b serviceName.6
0011aca0 00000001 b aptChainloadFlags
0011aca1 00000001 b aptChainloadMediatype
0011aca4 00000020 b aptChainloadHmac
0011acc4 00000300 b aptChainloadDeliverArg
0011afc8 00000008 b aptChainloadTid
0011afd0 00001000 b aptParameters
0011bfd0 00000004 b aptFlags
0011bfd4 00000001 b aptHomeButtonState
0011bfd8 00000004 b aptMessageFuncData
0011bfdc 00000004 b aptMessageFunc
0011bfe0 0000000c b aptFirstHook
0011bfec 00000001 b aptEventHandlerThreadQuit
0011bff0 00000004 b aptEventHandlerThread
0011bff4 00000008 b aptSleepEvent
0011bffc 00000008 b aptReceiveEvent
0011c004 00000008 b aptEvents
0011c00c 00000004 b aptLockHandle
0011c010 00000004 b aptRefCount
0011c014 00000007 b gspEventCbOneShot
0011c01c 0000001c b gspEventCbData
0011c038 0000001c b gspEventCb
0011c054 00000038 b gspEvents
0011c08c 00000004 b gspLastEvent
0011c090 00000001 b gspRunEvents
0011c094 00000004 b gspEventThread
0011c098 00000004 b gspEvent
0011c09c 00000001 b gspGpuRight
0011c09d 00000001 b gspThreadId
0011c0a0 00000004 b gspSharedMem
0011c0a4 00000004 b gspSharedMemHandle
0011c0a8 00000004 b gspRefCount
0011c0ac 00000004 b gspGpuHandle
0011c0b0 00000001 b usingIrrst
0011c0b4 00000004 b hidRefCount
0011c0b8 00000006 b gRate
0011c0c0 00000006 b aVec
0011c0c8 00000004 b cPos
0011c0cc 00000004 b tPos
0011c0d0 00000004 b kRepeat
0011c0d4 00000004 b kUp
0011c0d8 00000004 b kDown
0011c0dc 00000004 b kHeld
0011c0e0 00000004 b kOld
0011c0e4 00000004 B hidSharedMem
0011c0e8 00000014 B hidEvents
0011c0fc 00000004 B hidMemHandle
0011c100 00000004 B hidHandle
0011c104 00000004 b irrstRefCount
0011c108 00000004 b csPos
0011c10c 00000004 b kHeld
0011c110 00000004 B irrstSharedMem
0011c114 00000004 B irrstEvent
0011c118 00000004 B irrstMemHandle
0011c11c 00000004 B irrstHandle
0011c120 00000004 B __system_retAddr
0011c124 00000004 B __system_argv
0011c128 00000004 B __system_argc
0011c12c b saved_stack
0011c138 00000008 b sLinearPool
0011c140 0000000c b sAddrMap
0011c150 00000008 b sVramPoolB
0011c158 00000008 b sVramPoolA
0011c160 0000000c b sAddrMap
0011c16c 00000004 B __3dslink_host
0011c170 00000001 V __ctru_speedup
0011c174 00000004 b srvRefCount
0011c178 00000004 b srvHandle
0011c17c 00000004 b arbiter
0011c180 00000004 b currentAddr
0011c184 00000004 b maxAddr
0011c188 00000004 b minAddr
0011c18c 00000004 b ptmSysmRefCount
0011c190 00000004 b ptmSysmHandle
0011c194 00000004 b srvPmHandle
0011c198 00000004 V __ctru_linear_heap_size
0011c19c 00000004 V __ctru_heap_size
0011c1a0 00000004 B __ctru_linear_heap
0011c1a4 00000004 B __ctru_heap
0011c1a8 000005c0 b archive_devices
0011c768 00000004 b archive_device_cwd
0011c76c 00000001 b archive_initialized
0011c770 00000080 b fsExemptArchives
0011c7f0 00000004 b fsuRefCount
0011c7f4 00000004 b fsuHandle
0011c7f8 0000000c b __sfp_recursive_mutex
0011c808 00000168 B __sf
0011c970 00000004 B __stdio_exit_handler
0011c974 00000028 B __malloc_current_mallinfo
0011c99c 00000004 B __malloc_max_total_mem
0011c9a0 00000004 B __malloc_max_sbrked_mem
0011c9a4 00000004 B __malloc_top_pad
0011c9a8 0000000c b __malloc_recursive_mutex
0011c9b4 00000400 b temp_cwd
0011cdb4 00000004 b __hndl_lock
0011cdb8 00000004 B fake_heap_start
0011cdbc 00000004 B fake_heap_end
0011cdc0 00000004 b heap_start.0
0011cdc4 B __tls_start
0011d9cc B __bss_end__
0011d9cc A __end__
0011d9cc B __tls_end
